Adding network namespaces ..  2022-03-30 16:28:22,657
16:28:22:659
 ---------------------------------------------
ar2 (id: 1)
fc1 (id: 0)
1: lo: <LOOPBACK,UP,LOWER_UP> mtu 65536 qdisc noqueue state UNKNOWN mode DEFAULT group default qlen 1000
    link/loopback 00:00:00:00:00:00 brd 00:00:00:00:00:00
2: enp3s0: <NO-CARRIER,BROADCAST,MULTICAST,UP> mtu 1500 qdisc fq_codel state DOWN mode DEFAULT group default qlen 1000
    link/ether 8c:16:45:e6:32:5a brd ff:ff:ff:ff:ff:ff
3: wlp5s0: <BROADCAST,MULTICAST,UP,LOWER_UP> mtu 1500 qdisc noqueue state UP mode DORMANT group default qlen 1000
    link/ether 5a:d5:9b:6c:fd:4e brd ff:ff:ff:ff:ff:ff permaddr 34:e1:2d:60:af:3b
4: virbr0: <BROADCAST,MULTICAST,UP,LOWER_UP> mtu 1500 qdisc noqueue state UP mode DEFAULT group default qlen 1000
    link/ether 52:54:00:1b:5a:86 brd ff:ff:ff:ff:ff:ff
5: vnet0: <BROADCAST,MULTICAST,UP,LOWER_UP> mtu 1500 qdisc noqueue master virbr0 state UNKNOWN mode DEFAULT group default qlen 1000
    link/ether fe:54:00:fc:4a:08 brd ff:ff:ff:ff:ff:ff
10: bridge-fc1-veth@if11: <BROADCAST,MULTICAST> mtu 1500 qdisc noop state DOWN mode DEFAULT group default qlen 1000
    link/ether a2:e5:3d:59:0a:34 brd ff:ff:ff:ff:ff:ff link-netns fc1
12: bridge-ar2-veth@if13: <BROADCAST,MULTICAST> mtu 1500 qdisc noop state DOWN mode DEFAULT group default qlen 1000
    link/ether de:80:7b:c9:dc:79 brd ff:ff:ff:ff:ff:ff link-netns ar2
1: lo: <LOOPBACK> mtu 65536 qdisc noop state DOWN mode DEFAULT group default qlen 1000
    link/loopback 00:00:00:00:00:00 brd 00:00:00:00:00:00
11: veth-fc1@if10: <NO-CARRIER,BROADCAST,MULTICAST,UP> mtu 1500 qdisc noqueue state LOWERLAYERDOWN mode DEFAULT group default qlen 1000
    link/ether 76:cc:2c:fc:a8:2e brd ff:ff:ff:ff:ff:ff link-netnsid 0
1: lo: <LOOPBACK,UP,LOWER_UP> mtu 65536 qdisc noqueue state UNKNOWN mode DEFAULT group default qlen 1000
    link/loopback 00:00:00:00:00:00 brd 00:00:00:00:00:00
2: enp3s0: <NO-CARRIER,BROADCAST,MULTICAST,UP> mtu 1500 qdisc fq_codel state DOWN mode DEFAULT group default qlen 1000
    link/ether 8c:16:45:e6:32:5a brd ff:ff:ff:ff:ff:ff
3: wlp5s0: <BROADCAST,MULTICAST,UP,LOWER_UP> mtu 1500 qdisc noqueue state UP mode DORMANT group default qlen 1000
    link/ether 5a:d5:9b:6c:fd:4e brd ff:ff:ff:ff:ff:ff permaddr 34:e1:2d:60:af:3b
4: virbr0: <BROADCAST,MULTICAST,UP,LOWER_UP> mtu 1500 qdisc noqueue state UP mode DEFAULT group default qlen 1000
    link/ether 52:54:00:1b:5a:86 brd ff:ff:ff:ff:ff:ff
5: vnet0: <BROADCAST,MULTICAST,UP,LOWER_UP> mtu 1500 qdisc noqueue master virbr0 state UNKNOWN mode DEFAULT group default qlen 1000
    link/ether fe:54:00:fc:4a:08 brd ff:ff:ff:ff:ff:ff
10: bridge-fc1-veth@if11: <BROADCAST,MULTICAST> mtu 1500 qdisc noop state DOWN mode DEFAULT group default qlen 1000
    link/ether a2:e5:3d:59:0a:34 brd ff:ff:ff:ff:ff:ff link-netns fc1
12: bridge-ar2-veth@if13: <BROADCAST,MULTICAST> mtu 1500 qdisc noop state DOWN mode DEFAULT group default qlen 1000
    link/ether de:80:7b:c9:dc:79 brd ff:ff:ff:ff:ff:ff link-netns ar2
1: lo: <LOOPBACK> mtu 65536 qdisc noop state DOWN group default qlen 1000
    link/loopback 00:00:00:00:00:00 brd 00:00:00:00:00:00
11: veth-fc1@if10: <NO-CARRIER,BROADCAST,MULTICAST,UP> mtu 1500 qdisc noqueue state LOWERLAYERDOWN group default qlen 1000
    link/ether 76:cc:2c:fc:a8:2e brd ff:ff:ff:ff:ff:ff link-netnsid 0
    inet 192.168.0.40/24 scope global veth-fc1
       valid_lft forever preferred_lft forever
1: lo: <LOOPBACK> mtu 65536 qdisc noop state DOWN group default qlen 1000
    link/loopback 00:00:00:00:00:00 brd 00:00:00:00:00:00
13: veth-ar2@if12: <NO-CARRIER,BROADCAST,MULTICAST,UP> mtu 1500 qdisc noqueue state LOWERLAYERDOWN group default qlen 1000
    link/ether 92:16:06:82:cd:69 brd ff:ff:ff:ff:ff:ff link-netnsid 0
    inet 192.168.0.80/24 scope global veth-ar2
       valid_lft forever preferred_lft forever
bridge name	bridge id		STP enabled	interfaces
ground-bridge		8000.4ebe86c21fe2	no		bridge-ar2-veth
							bridge-fc1-veth
PING 192.168.0.40 (192.168.0.40) 56(84) bytes of data.
64 bytes from 192.168.0.40: icmp_seq=1 ttl=64 time=0.073 ms
64 bytes from 192.168.0.40: icmp_seq=2 ttl=64 time=0.038 ms
64 bytes from 192.168.0.40: icmp_seq=3 ttl=64 time=0.042 ms

--- 192.168.0.40 ping statistics ---
3 packets transmitted, 3 received, 0% packet loss, time 2026ms
rtt min/avg/max/mdev = 0.038/0.051/0.073/0.015 ms
